<?xml version="1.0" encoding="UTF-8"?>
<!-- Generated by org.testng.reporters.JUnitXMLReporter -->
<testsuite hostname="Deepan" name="Default test" tests="4" failures="0" timestamp="3 Dec 2020 06:18:20 GMT" time="48.294" errors="0">
  <testcase name="ValidateCheckout" time="16.294" classname="com.vcentry.onlineshop.testcases.CheckoutTest"/>
  <testcase name="ValidateCheckout" time="10.341" classname="com.vcentry.onlineshop.testcases.CheckoutTest"/>
  <testcase name="ValidateCheckout" time="10.212" classname="com.vcentry.onlineshop.testcases.CheckoutTest"/>
  <testcase name="ValidateCheckout" time="8.122" classname="com.vcentry.onlineshop.testcases.CheckoutTest"/>
</testsuite> <!-- Default test -->
