<?xml version="1.0" encoding="UTF-8"?>
<!-- Generated by org.testng.reporters.JUnitXMLReporter -->
<testsuite hostname="Deepan" name="Default test" tests="4" failures="0" timestamp="4 Dec 2020 09:02:53 GMT" time="57.4" errors="0">
  <testcase name="ValidateCheckout" time="13.853" classname="com.vcentry.onlineshop.testcases.CheckoutTest"/>
  <testcase name="ValidateCheckout" time="6.528" classname="com.vcentry.onlineshop.testcases.CheckoutTest"/>
  <testcase name="ValidateCheckout" time="7.119" classname="com.vcentry.onlineshop.testcases.CheckoutTest"/>
  <testcase name="ValidateCheckout" time="8.04" classname="com.vcentry.onlineshop.testcases.CheckoutTest"/>
</testsuite> <!-- Default test -->
