<?xml version="1.0" encoding="UTF-8"?>
<testng-results skipped="0" failed="0" total="4" passed="4">
  <reporter-output>
  </reporter-output>
  <suite name="Default suite" duration-ms="57400" started-at="2020-12-04T09:01:56Z" finished-at="2020-12-04T09:02:53Z">
    <groups>
    </groups>
    <test name="Default test" duration-ms="57400" started-at="2020-12-04T09:01:56Z" finished-at="2020-12-04T09:02:53Z">
      <class name="com.vcentry.onlineshop.testcases.CheckoutTest">
        <test-method status="PASS" signature="ValidateCheckout(java.lang.String, java.lang.String, java.lang.String, java.lang.String, java.lang.String, java.lang.String, java.lang.String, java.lang.String, java.lang.String)[pri:0, instance:com.vcentry.onlineshop.testcases.CheckoutTest@42e26948]" name="ValidateCheckout" duration-ms="13853" started-at="2020-12-04T14:31:57Z" data-provider="CheckoutTest" finished-at="2020-12-04T14:32:11Z">
          <params>
            <param index="0">
              <value>
                <![CDATA[HomePageTest_DataSet2]]>
              </value>
            </param>
            <param index="1">
              <value>
                <![CDATA[user1]]>
              </value>
            </param>
            <param index="2">
              <value>
                <![CDATA[Guru@12345]]>
              </value>
            </param>
            <param index="3">
              <value>
                <![CDATA[produtA]]>
              </value>
            </param>
            <param index="4">
              <value>
                <![CDATA[1111]]>
              </value>
            </param>
            <param index="5">
              <value>
                <![CDATA[mailA@email.com]]>
              </value>
            </param>
            <param index="6">
              <value>
                <![CDATA[Electrical]]>
              </value>
            </param>
            <param index="7">
              <value>
                <![CDATA[purchaseNameA]]>
              </value>
            </param>
            <param index="8">
              <value>
                <![CDATA[11]]>
              </value>
            </param>
          </params>
          <reporter-output>
          </reporter-output>
        </test-method> <!-- ValidateCheckout -->
        <test-method status="PASS" signature="teardown(org.testng.ITestResult)[pri:0, instance:com.vcentry.onlineshop.testcases.CheckoutTest@42e26948]" name="teardown" is-config="true" duration-ms="699" started-at="2020-12-04T14:32:11Z" finished-at="2020-12-04T14:32:11Z">
          <params>
            <param index="0">
              <value>
                <![CDATA[[TestResult name=ValidateCheckout status=SUCCESS method=CheckoutTest.ValidateCheckout(java.lang.String, java.lang.String, java.lang.String, java.lang.String, java.lang.String, java.lang.String, java.lang.String, java.lang.String, java.lang.String)[pri:0, instance:com.vcentry.onlineshop.testcases.CheckoutTest@42e26948] output={null}]]]>
              </value>
            </param>
          </params>
          <reporter-output>
          </reporter-output>
        </test-method> <!-- teardown -->
        <test-method status="PASS" signature="ValidateCheckout(java.lang.String, java.lang.String, java.lang.String, java.lang.String, java.lang.String, java.lang.String, java.lang.String, java.lang.String, java.lang.String)[pri:0, instance:com.vcentry.onlineshop.testcases.CheckoutTest@42e26948]" name="ValidateCheckout" duration-ms="6528" started-at="2020-12-04T14:32:11Z" data-provider="CheckoutTest" finished-at="2020-12-04T14:32:18Z">
          <params>
            <param index="0">
              <value>
                <![CDATA[HomePageTest_DataSet3]]>
              </value>
            </param>
            <param index="1">
              <value>
                <![CDATA[user1]]>
              </value>
            </param>
            <param index="2">
              <value>
                <![CDATA[Guru@12345]]>
              </value>
            </param>
            <param index="3">
              <value>
                <![CDATA[produtB]]>
              </value>
            </param>
            <param index="4">
              <value>
                <![CDATA[2222]]>
              </value>
            </param>
            <param index="5">
              <value>
                <![CDATA[mailB@email.com]]>
              </value>
            </param>
            <param index="6">
              <value>
                <![CDATA[Electrical]]>
              </value>
            </param>
            <param index="7">
              <value>
                <![CDATA[purchaseNameB]]>
              </value>
            </param>
            <param index="8">
              <value>
                <![CDATA[22]]>
              </value>
            </param>
          </params>
          <reporter-output>
          </reporter-output>
        </test-method> <!-- ValidateCheckout -->
        <test-method status="PASS" signature="teardown(org.testng.ITestResult)[pri:0, instance:com.vcentry.onlineshop.testcases.CheckoutTest@42e26948]" name="teardown" is-config="true" duration-ms="418" started-at="2020-12-04T14:32:18Z" finished-at="2020-12-04T14:32:18Z">
          <params>
            <param index="0">
              <value>
                <![CDATA[[TestResult name=ValidateCheckout status=SUCCESS method=CheckoutTest.ValidateCheckout(java.lang.String, java.lang.String, java.lang.String, java.lang.String, java.lang.String, java.lang.String, java.lang.String, java.lang.String, java.lang.String)[pri:0, instance:com.vcentry.onlineshop.testcases.CheckoutTest@42e26948] output={null}]]]>
              </value>
            </param>
          </params>
          <reporter-output>
          </reporter-output>
        </test-method> <!-- teardown -->
        <test-method status="PASS" signature="ValidateCheckout(java.lang.String, java.lang.String, java.lang.String, java.lang.String, java.lang.String, java.lang.String, java.lang.String, java.lang.String, java.lang.String)[pri:0, instance:com.vcentry.onlineshop.testcases.CheckoutTest@42e26948]" name="ValidateCheckout" duration-ms="7119" started-at="2020-12-04T14:32:18Z" data-provider="CheckoutTest" finished-at="2020-12-04T14:32:26Z">
          <params>
            <param index="0">
              <value>
                <![CDATA[HomePageTest_DataSet4]]>
              </value>
            </param>
            <param index="1">
              <value>
                <![CDATA[user1]]>
              </value>
            </param>
            <param index="2">
              <value>
                <![CDATA[Guru@12345]]>
              </value>
            </param>
            <param index="3">
              <value>
                <![CDATA[produtC]]>
              </value>
            </param>
            <param index="4">
              <value>
                <![CDATA[3333]]>
              </value>
            </param>
            <param index="5">
              <value>
                <![CDATA[mailC@email.com]]>
              </value>
            </param>
            <param index="6">
              <value>
                <![CDATA[Electrical]]>
              </value>
            </param>
            <param index="7">
              <value>
                <![CDATA[purchaseNameC]]>
              </value>
            </param>
            <param index="8">
              <value>
                <![CDATA[33]]>
              </value>
            </param>
          </params>
          <reporter-output>
          </reporter-output>
        </test-method> <!-- ValidateCheckout -->
        <test-method status="PASS" signature="teardown(org.testng.ITestResult)[pri:0, instance:com.vcentry.onlineshop.testcases.CheckoutTest@42e26948]" name="teardown" is-config="true" duration-ms="459" started-at="2020-12-04T14:32:26Z" finished-at="2020-12-04T14:32:26Z">
          <params>
            <param index="0">
              <value>
                <![CDATA[[TestResult name=ValidateCheckout status=SUCCESS method=CheckoutTest.ValidateCheckout(java.lang.String, java.lang.String, java.lang.String, java.lang.String, java.lang.String, java.lang.String, java.lang.String, java.lang.String, java.lang.String)[pri:0, instance:com.vcentry.onlineshop.testcases.CheckoutTest@42e26948] output={null}]]]>
              </value>
            </param>
          </params>
          <reporter-output>
          </reporter-output>
        </test-method> <!-- teardown -->
        <test-method status="PASS" signature="ValidateCheckout(java.lang.String, java.lang.String, java.lang.String, java.lang.String, java.lang.String, java.lang.String, java.lang.String, java.lang.String, java.lang.String)[pri:0, instance:com.vcentry.onlineshop.testcases.CheckoutTest@42e26948]" name="ValidateCheckout" duration-ms="8040" started-at="2020-12-04T14:32:26Z" data-provider="CheckoutTest" finished-at="2020-12-04T14:32:34Z">
          <params>
            <param index="0">
              <value>
                <![CDATA[HomePageTest_DataSet5]]>
              </value>
            </param>
            <param index="1">
              <value>
                <![CDATA[user1]]>
              </value>
            </param>
            <param index="2">
              <value>
                <![CDATA[Guru@12345]]>
              </value>
            </param>
            <param index="3">
              <value>
                <![CDATA[produtD]]>
              </value>
            </param>
            <param index="4">
              <value>
                <![CDATA[4444]]>
              </value>
            </param>
            <param index="5">
              <value>
                <![CDATA[mailD@email.com]]>
              </value>
            </param>
            <param index="6">
              <value>
                <![CDATA[Electrical]]>
              </value>
            </param>
            <param index="7">
              <value>
                <![CDATA[purchaseNameD]]>
              </value>
            </param>
            <param index="8">
              <value>
                <![CDATA[444]]>
              </value>
            </param>
          </params>
          <reporter-output>
          </reporter-output>
        </test-method> <!-- ValidateCheckout -->
        <test-method status="PASS" signature="teardown(org.testng.ITestResult)[pri:0, instance:com.vcentry.onlineshop.testcases.CheckoutTest@42e26948]" name="teardown" is-config="true" duration-ms="18973" started-at="2020-12-04T14:32:34Z" finished-at="2020-12-04T14:32:53Z">
          <params>
            <param index="0">
              <value>
                <![CDATA[[TestResult name=ValidateCheckout status=SUCCESS method=CheckoutTest.ValidateCheckout(java.lang.String, java.lang.String, java.lang.String, java.lang.String, java.lang.String, java.lang.String, java.lang.String, java.lang.String, java.lang.String)[pri:0, instance:com.vcentry.onlineshop.testcases.CheckoutTest@42e26948] output={null}]]]>
              </value>
            </param>
          </params>
          <reporter-output>
          </reporter-output>
        </test-method> <!-- teardown -->
      </class> <!-- com.vcentry.onlineshop.testcases.CheckoutTest -->
    </test> <!-- Default test -->
  </suite> <!-- Default suite -->
</testng-results>
