<?xml version="1.0" encoding="UTF-8"?>
<testng-results skipped="0" failed="0" total="4" passed="4">
  <reporter-output>
  </reporter-output>
  <suite name="Default suite" duration-ms="48294" started-at="2020-12-03T06:17:32Z" finished-at="2020-12-03T06:18:20Z">
    <groups>
    </groups>
    <test name="Default test" duration-ms="48294" started-at="2020-12-03T06:17:32Z" finished-at="2020-12-03T06:18:20Z">
      <class name="com.vcentry.onlineshop.testcases.CheckoutTest">
        <test-method status="PASS" signature="ValidateCheckout(java.lang.String, java.lang.String, java.lang.String, java.lang.String, java.lang.String, java.lang.String, java.lang.String, java.lang.String, java.lang.String)[pri:0, instance:com.vcentry.onlineshop.testcases.CheckoutTest@42e26948]" name="ValidateCheckout" duration-ms="16294" started-at="2020-12-03T11:47:33Z" data-provider="CheckoutTest" finished-at="2020-12-03T11:47:50Z">
          <params>
            <param index="0">
              <value>
                <![CDATA[HomePageTest_DataSet2]]>
              </value>
            </param>
            <param index="1">
              <value>
                <![CDATA[user1]]>
              </value>
            </param>
            <param index="2">
              <value>
                <![CDATA[Guru@12345]]>
              </value>
            </param>
            <param index="3">
              <value>
                <![CDATA[produtA]]>
              </value>
            </param>
            <param index="4">
              <value>
                <![CDATA[1111]]>
              </value>
            </param>
            <param index="5">
              <value>
                <![CDATA[mailA@email.com]]>
              </value>
            </param>
            <param index="6">
              <value>
                <![CDATA[Electrical]]>
              </value>
            </param>
            <param index="7">
              <value>
                <![CDATA[purchaseNameA]]>
              </value>
            </param>
            <param index="8">
              <value>
                <![CDATA[11]]>
              </value>
            </param>
          </params>
          <reporter-output>
          </reporter-output>
        </test-method> <!-- ValidateCheckout -->
        <test-method status="PASS" signature="teardown(org.testng.ITestResult)[pri:0, instance:com.vcentry.onlineshop.testcases.CheckoutTest@42e26948]" name="teardown" is-config="true" duration-ms="712" started-at="2020-12-03T11:47:50Z" finished-at="2020-12-03T11:47:50Z">
          <params>
            <param index="0">
              <value>
                <![CDATA[[TestResult name=ValidateCheckout status=SUCCESS method=CheckoutTest.ValidateCheckout(java.lang.String, java.lang.String, java.lang.String, java.lang.String, java.lang.String, java.lang.String, java.lang.String, java.lang.String, java.lang.String)[pri:0, instance:com.vcentry.onlineshop.testcases.CheckoutTest@42e26948] output={null}]]]>
              </value>
            </param>
          </params>
          <reporter-output>
          </reporter-output>
        </test-method> <!-- teardown -->
        <test-method status="PASS" signature="ValidateCheckout(java.lang.String, java.lang.String, java.lang.String, java.lang.String, java.lang.String, java.lang.String, java.lang.String, java.lang.String, java.lang.String)[pri:0, instance:com.vcentry.onlineshop.testcases.CheckoutTest@42e26948]" name="ValidateCheckout" duration-ms="10341" started-at="2020-12-03T11:47:50Z" data-provider="CheckoutTest" finished-at="2020-12-03T11:48:01Z">
          <params>
            <param index="0">
              <value>
                <![CDATA[HomePageTest_DataSet3]]>
              </value>
            </param>
            <param index="1">
              <value>
                <![CDATA[user1]]>
              </value>
            </param>
            <param index="2">
              <value>
                <![CDATA[Guru@12345]]>
              </value>
            </param>
            <param index="3">
              <value>
                <![CDATA[produtB]]>
              </value>
            </param>
            <param index="4">
              <value>
                <![CDATA[2222]]>
              </value>
            </param>
            <param index="5">
              <value>
                <![CDATA[mailB@email.com]]>
              </value>
            </param>
            <param index="6">
              <value>
                <![CDATA[Electrical]]>
              </value>
            </param>
            <param index="7">
              <value>
                <![CDATA[purchaseNameB]]>
              </value>
            </param>
            <param index="8">
              <value>
                <![CDATA[22]]>
              </value>
            </param>
          </params>
          <reporter-output>
          </reporter-output>
        </test-method> <!-- ValidateCheckout -->
        <test-method status="PASS" signature="teardown(org.testng.ITestResult)[pri:0, instance:com.vcentry.onlineshop.testcases.CheckoutTest@42e26948]" name="teardown" is-config="true" duration-ms="427" started-at="2020-12-03T11:48:01Z" finished-at="2020-12-03T11:48:01Z">
          <params>
            <param index="0">
              <value>
                <![CDATA[[TestResult name=ValidateCheckout status=SUCCESS method=CheckoutTest.ValidateCheckout(java.lang.String, java.lang.String, java.lang.String, java.lang.String, java.lang.String, java.lang.String, java.lang.String, java.lang.String, java.lang.String)[pri:0, instance:com.vcentry.onlineshop.testcases.CheckoutTest@42e26948] output={null}]]]>
              </value>
            </param>
          </params>
          <reporter-output>
          </reporter-output>
        </test-method> <!-- teardown -->
        <test-method status="PASS" signature="ValidateCheckout(java.lang.String, java.lang.String, java.lang.String, java.lang.String, java.lang.String, java.lang.String, java.lang.String, java.lang.String, java.lang.String)[pri:0, instance:com.vcentry.onlineshop.testcases.CheckoutTest@42e26948]" name="ValidateCheckout" duration-ms="10212" started-at="2020-12-03T11:48:01Z" data-provider="CheckoutTest" finished-at="2020-12-03T11:48:11Z">
          <params>
            <param index="0">
              <value>
                <![CDATA[HomePageTest_DataSet4]]>
              </value>
            </param>
            <param index="1">
              <value>
                <![CDATA[user1]]>
              </value>
            </param>
            <param index="2">
              <value>
                <![CDATA[Guru@12345]]>
              </value>
            </param>
            <param index="3">
              <value>
                <![CDATA[produtC]]>
              </value>
            </param>
            <param index="4">
              <value>
                <![CDATA[3333]]>
              </value>
            </param>
            <param index="5">
              <value>
                <![CDATA[mailC@email.com]]>
              </value>
            </param>
            <param index="6">
              <value>
                <![CDATA[Electrical]]>
              </value>
            </param>
            <param index="7">
              <value>
                <![CDATA[purchaseNameC]]>
              </value>
            </param>
            <param index="8">
              <value>
                <![CDATA[33]]>
              </value>
            </param>
          </params>
          <reporter-output>
          </reporter-output>
        </test-method> <!-- ValidateCheckout -->
        <test-method status="PASS" signature="teardown(org.testng.ITestResult)[pri:0, instance:com.vcentry.onlineshop.testcases.CheckoutTest@42e26948]" name="teardown" is-config="true" duration-ms="387" started-at="2020-12-03T11:48:11Z" finished-at="2020-12-03T11:48:12Z">
          <params>
            <param index="0">
              <value>
                <![CDATA[[TestResult name=ValidateCheckout status=SUCCESS method=CheckoutTest.ValidateCheckout(java.lang.String, java.lang.String, java.lang.String, java.lang.String, java.lang.String, java.lang.String, java.lang.String, java.lang.String, java.lang.String)[pri:0, instance:com.vcentry.onlineshop.testcases.CheckoutTest@42e26948] output={null}]]]>
              </value>
            </param>
          </params>
          <reporter-output>
          </reporter-output>
        </test-method> <!-- teardown -->
        <test-method status="PASS" signature="ValidateCheckout(java.lang.String, java.lang.String, java.lang.String, java.lang.String, java.lang.String, java.lang.String, java.lang.String, java.lang.String, java.lang.String)[pri:0, instance:com.vcentry.onlineshop.testcases.CheckoutTest@42e26948]" name="ValidateCheckout" duration-ms="8122" started-at="2020-12-03T11:48:12Z" data-provider="CheckoutTest" finished-at="2020-12-03T11:48:20Z">
          <params>
            <param index="0">
              <value>
                <![CDATA[HomePageTest_DataSet5]]>
              </value>
            </param>
            <param index="1">
              <value>
                <![CDATA[user1]]>
              </value>
            </param>
            <param index="2">
              <value>
                <![CDATA[Guru@12345]]>
              </value>
            </param>
            <param index="3">
              <value>
                <![CDATA[produtD]]>
              </value>
            </param>
            <param index="4">
              <value>
                <![CDATA[4444]]>
              </value>
            </param>
            <param index="5">
              <value>
                <![CDATA[mailD@email.com]]>
              </value>
            </param>
            <param index="6">
              <value>
                <![CDATA[Electrical]]>
              </value>
            </param>
            <param index="7">
              <value>
                <![CDATA[purchaseNameD]]>
              </value>
            </param>
            <param index="8">
              <value>
                <![CDATA[444]]>
              </value>
            </param>
          </params>
          <reporter-output>
          </reporter-output>
        </test-method> <!-- ValidateCheckout -->
        <test-method status="PASS" signature="teardown(org.testng.ITestResult)[pri:0, instance:com.vcentry.onlineshop.testcases.CheckoutTest@42e26948]" name="teardown" is-config="true" duration-ms="442" started-at="2020-12-03T11:48:20Z" finished-at="2020-12-03T11:48:20Z">
          <params>
            <param index="0">
              <value>
                <![CDATA[[TestResult name=ValidateCheckout status=SUCCESS method=CheckoutTest.ValidateCheckout(java.lang.String, java.lang.String, java.lang.String, java.lang.String, java.lang.String, java.lang.String, java.lang.String, java.lang.String, java.lang.String)[pri:0, instance:com.vcentry.onlineshop.testcases.CheckoutTest@42e26948] output={null}]]]>
              </value>
            </param>
          </params>
          <reporter-output>
          </reporter-output>
        </test-method> <!-- teardown -->
      </class> <!-- com.vcentry.onlineshop.testcases.CheckoutTest -->
    </test> <!-- Default test -->
  </suite> <!-- Default suite -->
</testng-results>
